[debug] [2022-03-19T21:05:04.264Z] ----------------------------------------------------------------------
[debug] [2022-03-19T21:05:04.266Z] Command:       C:\Program Files\nodejs\node.exe C:\Users\hp\AppData\Roaming\npm\node_modules\firebase-tools\lib\bin\firebase.js init
[debug] [2022-03-19T21:05:04.267Z] CLI Version:   10.4.0
[debug] [2022-03-19T21:05:04.267Z] Platform:      win32
[debug] [2022-03-19T21:05:04.267Z] Node Version:  v16.13.0
[debug] [2022-03-19T21:05:04.269Z] Time:          Sat Mar 19 2022 22:05:04 GMT+0100 (czas środkowoeuropejski standardowy)
[debug] [2022-03-19T21:05:04.270Z] ----------------------------------------------------------------------
[debug] 
[debug] [2022-03-19T21:05:04.274Z] >>> [apiv2][query] GET https://firebase-public.firebaseio.com/cli.json [none]
[debug] [2022-03-19T21:05:04.307Z] > command requires scopes: ["email","openid","https://www.googleapis.com/auth/cloudplatformprojects.readonly","https://www.googleapis.com/auth/firebase","https://www.googleapis.com/auth/cloud-platform"]
[debug] [2022-03-19T21:05:04.308Z] > authorizing via signed-in user (mariwal1991@gmail.com)
[info] 
     ######## #### ########  ######## ########     ###     ######  ########
     ##        ##  ##     ## ##       ##     ##  ##   ##  ##       ##
     ######    ##  ########  ######   ########  #########  ######  ######
     ##        ##  ##    ##  ##       ##     ## ##     ##       ## ##
     ##       #### ##     ## ######## ########  ##     ##  ######  ########

You're about to initialize a Firebase project in this directory:

  C:\Kursy Pogramowanie -JS\jfddr5-projects-react

Before we get started, keep in mind:

  * You are currently outside your home directory

[debug] [2022-03-19T21:05:04.798Z] <<< [apiv2][status] GET https://firebase-public.firebaseio.com/cli.json 200
[debug] [2022-03-19T21:05:04.798Z] <<< [apiv2][body] GET https://firebase-public.firebaseio.com/cli.json {"cloudBuildErrorAfter":1594252800000,"cloudBuildWarnAfter":1590019200000,"defaultNode10After":1594252800000,"minVersion":"3.0.5","node8DeploysDisabledAfter":1613390400000,"node8RuntimeDisabledAfter":1615809600000,"node8WarnAfter":1600128000000}
[info] 
=== Account Setup
[info] 
[info] Which account do you want to use for this project? Choose an account or add a new one now
[info] 
[debug] [2022-03-19T21:05:35.700Z] setProjectAccount(C:\Kursy Pogramowanie -JS\jfddr5-projects-react, marwal91@o2.pl)
[info] 
[info] +  Using account: marwal91@o2.pl 
[info] 
=== Project Setup
[info] 
[info] First, let's associate this project directory with a Firebase project.
[info] You can create multiple project aliases by running firebase use --add, 
[info] but for now we'll just set up a default project.
[info] 
[debug] [2022-03-19T21:05:39.343Z] > refreshing access token with scopes: []
[debug] [2022-03-19T21:05:39.346Z] >>> HTTP REQUEST POST https://www.googleapis.com/oauth2/v3/token  
 <request body omitted>
[debug] [2022-03-19T21:05:39.537Z] <<< HTTP RESPONSE 200 {"date":"Sat, 19 Mar 2022 21:05:50 GMT","cache-control":"no-cache, no-store, max-age=0, must-revalidate","expires":"Mon, 01 Jan 1990 00:00:00 GMT","pragma":"no-cache","content-type":"application/json; charset=utf-8","vary":"X-Origin, Referer, Origin,Accept-Encoding","server":"scaffolding on HTTPServer2","x-xss-protection":"0","x-frame-options":"SAMEORIGIN","x-content-type-options":"nosniff","alt-svc":"h3=\":443\"; ma=2592000,h3-29=\":443\"; ma=2592000,h3-Q050=\":443\"; ma=2592000,h3-Q046=\":443\"; ma=2592000,h3-Q043=\":443\"; ma=2592000,quic=\":443\"; ma=2592000; v=\"46,43\"","accept-ranges":"none","transfer-encoding":"chunked"}
[debug] [2022-03-19T21:05:39.559Z] >>> [apiv2][query] GET https://firebase.googleapis.com/v1beta1/projects pageSize=100
[debug] [2022-03-19T21:05:40.090Z] <<< [apiv2][status] GET https://firebase.googleapis.com/v1beta1/projects 200
[debug] [2022-03-19T21:05:40.091Z] <<< [apiv2][body] GET https://firebase.googleapis.com/v1beta1/projects [omitted]
[info] i  Using project todos-app-react-1ba35 (todos-app-react) 
[info] 
=== Hosting Setup
[info] 
[info] Your public directory is the folder (relative to your project directory) that
[info] will contain Hosting assets to be uploaded with firebase deploy. If you
[info] have a build process for your assets, use your build's output directory.
[info] 
